<?xml version="1.0" encoding="UTF-8"?>
<testsuite name="com.example.hello_selenium_junit.RobobarRemoteTest" tests="1" skipped="0" failures="0" errors="0" timestamp="2021-02-08T08:59:31" hostname="ubuntu" time="7.507">
  <properties/>
  <testcase name="robobar()" classname="com.example.hello_selenium_junit.RobobarRemoteTest" time="7.507"/>
  <system-out><![CDATA[]]></system-out>
  <system-err><![CDATA[Feb 08, 2021 9:59:34 AM org.openqa.selenium.remote.ProtocolHandshake createSession
INFO: Detected dialect: W3C
]]></system-err>
</testsuite>
